<?xml version="1.0" encoding="UTF-8" ?>
<testsuites disabled="0" errors="0" failures="1" tests="4" time="121.282">
 <testsuite name="Addition Feature" timestamp="2022-11-18T16:01:37" hostname="localhost" time="99.934" errors="0" tests="2" skipped="0" disabled="0" failures="1">
  <testcase classname="Addition Feature" name="Drag And Drop" time="21.512" />
  <testcase classname="Addition Feature" name="Mouse Movement " time="78.414">
   <failure type="exception" message="Error: Timeout - Async callback was not invoked within timeout specified by jasmine.DEFAULT_TIMEOUT_INTERVAL."><![CDATA[Error: Timeout - Async callback was not invoked within timeout specified by jasmine.DEFAULT_TIMEOUT_INTERVAL.
    at Timeout._onTimeout (C:\Users\Aravind\AppData\Roaming\npm\node_modules\protractor\node_modules\jasmine-core\lib\jasmine-core\jasmine.js:4281:23)
    at listOnTimeout (internal/timers.js:554:17)
    at processTimers (internal/timers.js:497:7)]]>
   </failure>
  </testcase>
 </testsuite>
 <testsuite name="Addition Feature" timestamp="2022-11-18T16:03:17" hostname="localhost" time="9.916" errors="0" tests="1" skipped="0" disabled="0" failures="0">
  <testcase classname="Addition Feature" name="Alert Handler" time="9.906" />
 </testsuite>
 <testsuite name="Addition Feature" timestamp="2022-11-18T16:03:27" hostname="localhost" time="11.432" errors="0" tests="1" skipped="0" disabled="0" failures="0">
  <testcase classname="Addition Feature" name="Test Case-1" time="11.429" />
 </testsuite>
</testsuites>